[2022-12-08 17:33:19] glpiphplog.WARNING: Test logger  
[2022-12-08 17:36:41] glpiphplog.WARNING: Test logger  
[2022-12-08 17:36:43] glpiphplog.WARNING: Test logger  
[2022-12-08 17:36:51] glpiphplog.WARNING: Test logger  
[2022-12-08 17:37:33] glpiphplog.CRITICAL:   *** Uncaught Exception mysqli_sql_exception: Unknown database 'glpi_db' in C:\xampp\htdocs\glpi\install\install.php at line 319
  Backtrace :
  install\install.php:319                            mysqli->select_db()
  install\install.php:602                            step4()
  
[2022-12-08 17:37:45] glpiphplog.CRITICAL:   *** Uncaught Exception Error: Call to a member function getTime() on null in C:\xampp\htdocs\glpi\src\Html.php at line 786
  Backtrace :
  src\Html.php:1936                                  Html::displayDebugInfos()
  src\Html.php:2156                                  Html::footer()
  src\Html.php:949                                   Html::nullFooter()
  src\Session.php:1525                               Html::displayErrorAndDie()
  install\install.php:546                            Session::checkCSRF()
  
[2022-12-08 17:37:46] glpiphplog.DEBUG: Html::compileScss() in C:\xampp\htdocs\glpi\src\Html.php line 6855
Compile css/palettes/auror.scss  {"user":"@ADMIN-PC"} 
[2022-12-08 17:37:57] glpiphplog.WARNING: Test logger  
[2022-12-08 17:38:24] glpiphplog.CRITICAL:   *** Uncaught Exception mysqli_sql_exception: Unknown database 'glpi_db' in C:\xampp\htdocs\glpi\install\install.php at line 319
  Backtrace :
  install\install.php:319                            mysqli->select_db()
  install\install.php:602                            step4()
  
[2022-12-08 17:39:20] glpiphplog.CRITICAL:   *** Uncaught Exception Error: Call to a member function getTime() on null in C:\xampp\htdocs\glpi\src\Html.php at line 786
  Backtrace :
  src\Html.php:1936                                  Html::displayDebugInfos()
  src\Html.php:2156                                  Html::footer()
  src\Html.php:949                                   Html::nullFooter()
  src\Session.php:1525                               Html::displayErrorAndDie()
  install\install.php:546                            Session::checkCSRF()
  
[2022-12-08 17:39:36] glpiphplog.WARNING: Test logger  
[2022-12-09 17:01:45] glpiphplog.WARNING: Test logger  
